<?xml version="1.0" encoding="UTF-8"?>
<!-- Generated by org.testng.reporters.JUnitXMLReporter -->
<testsuite ignored="0" hostname="JAGADEESH" failures="1" tests="1" name="LoginTest" time="0.149" errors="0" timestamp="10 Feb 2023 13:34:31 GMT">
  <testcase classname="Test.cucumberframework.LoginTestCase1" name="login" time="0.062">
    <failure type="java.lang.AssertionError" message="The following asserts failed:
	Message is not matching expected [Invalid email or password] but found []">
      <![CDATA[java.lang.AssertionError: The following asserts failed:
	Message is not matching expected [Invalid email or password] but found []
	at Test.cucumberframework.LoginTestCase1.login(LoginTestCase1.java:38)
... Removed 26 stack frames]]>
    </failure>
  </testcase> <!-- login -->
</testsuite> <!-- LoginTest -->
